Using pre-set license
Built from '2020.3/release' branch; Version is '2020.3.2f1 (8fd9074bf66c) revision 9427207'; Using compiler version '192528614'; Build Type 'Release'
OS: 'Windows 10 Home; OS build 18362.592; Version 1903; 64bit' Language: 'ko' Physical Memory: 16332 MB
BatchMode: 1, IsHumanControllingUs: 0, StartBugReporterOnCrash: 0, Is64bit: 1, IsPro: 0

 COMMAND LINE ARGUMENTS:
D:\unity\2020.3.2f1\Editor\Unity.exe
-adb2
-batchMode
-noUpm
-name
AssetImportWorker0
-projectPath
D:/Github/Unity_SocketGame/Socket_Communication
-logFile
Logs/AssetImportWorker0.log
-srvPort
13002
Successfully changed project path to: D:/Github/Unity_SocketGame/Socket_Communication
D:/Github/Unity_SocketGame/Socket_Communication
Using Asset Import Pipeline V2.
Refreshing native plugins compatible for Editor in 78.99 ms, found 0 plugins.
Preloading 0 native plugins for Editor in 0.00 ms.
Initialize engine version: 2020.3.2f1 (8fd9074bf66c)
[Subsystems] Discovering subsystems at path D:/unity/2020.3.2f1/Editor/Data/Resources/UnitySubsystems
[Subsystems] Discovering subsystems at path D:/Github/Unity_SocketGame/Socket_Communication/Assets
GfxDevice: creating device client; threaded=0
Direct3D:
    Version:  Direct3D 11.0 [level 11.1]
    Renderer: NVIDIA GeForce RTX 2060 SUPER (ID=0x1f06)
    Vendor:   
    VRAM:     8031 MB
    Driver:   27.21.14.6079
Initialize mono
Mono path[0] = 'D:/unity/2020.3.2f1/Editor/Data/Managed'
Mono path[1] = 'D:/unity/2020.3.2f1/Editor/Data/MonoBleedingEdge/lib/mono/unityjit'
Mono config path = 'D:/unity/2020.3.2f1/Editor/Data/MonoBleedingEdge/etc'
Using monoOptions --debugger-agent=transport=dt_socket,embedding=1,server=y,suspend=n,address=127.0.0.1:56456
Begin MonoManager ReloadAssembly
Registering precompiled unity dll's ...
Register platform support module: D:/unity/2020.3.2f1/Editor/Data/PlaybackEngines/WindowsStandaloneSupport/UnityEditor.WindowsStandalone.Extensions.dll
Registered in 0.000875 seconds.
Native extension for WindowsStandalone target not found
Refreshing native plugins compatible for Editor in 20.88 ms, found 0 plugins.
Preloading 0 native plugins for Editor in 0.00 ms.
Invoked RoslynAnalysisRunner static constructor.
RoslynAnalysisRunner will not be running.
RoslynAnalysisRunner has terminated.
Mono: successfully reloaded assembly
- Completed reload, in  1.195 seconds
Platform modules already initialized, skipping
Registering precompiled user dll's ...
Registered in 0.000410 seconds.
Begin MonoManager ReloadAssembly
Native extension for WindowsStandalone target not found
Refreshing native plugins compatible for Editor in 0.25 ms, found 0 plugins.
Preloading 0 native plugins for Editor in 0.00 ms.
Invoked RoslynAnalysisRunner static constructor.
RoslynAnalysisRunner will not be running.
RoslynAnalysisRunner has terminated.
Mono: successfully reloaded assembly
- Completed reload, in  0.735 seconds
Platform modules already initialized, skipping
========================================================================
Worker process is ready to serve import requests
Launched and connected shader compiler UnityShaderCompiler.exe after 0.12 seconds
Refreshing native plugins compatible for Editor in 0.38 ms, found 0 plugins.
Preloading 0 native plugins for Editor in 0.00 ms.
Unloading 1115 Unused Serialized files (Serialized files now loaded: 0)
System memory in use before: 59.7 MB.
System memory in use after: 59.7 MB.

Unloading 10 unused Assets to reduce memory usage. Loaded Objects now: 1557.
Total: 1.765800 ms (FindLiveObjects: 0.187700 ms CreateObjectMapping: 0.062300 ms MarkObjects: 1.438400 ms  DeleteObjects: 0.076300 ms)

========================================================================
Received Import Request.
  path: Assets/Scenes
  artifactKey: Guid(5a23a86219f7c6e4eb4834d158019bb2) Importer(815301076,1909f56bfc062723c751e8b465ee728b)
Start importing Assets/Scenes using Guid(5a23a86219f7c6e4eb4834d158019bb2) Importer(815301076,1909f56bfc062723c751e8b465ee728b)  -> (artifact id: 'c6356a6302db14701e17065812a71734') in 0.034438 seconds
  Import took 0.051528 seconds .

========================================================================
Received Import Request.
  Time since last request: 4.703454 seconds.
  path: Assets/Scenes/SampleScene.unity
  artifactKey: Guid(9fc0d4010bbf28b4594072e72b8655ab) Importer(815301076,1909f56bfc062723c751e8b465ee728b)
Start importing Assets/Scenes/SampleScene.unity using Guid(9fc0d4010bbf28b4594072e72b8655ab) Importer(815301076,1909f56bfc062723c751e8b465ee728b)  -> (artifact id: '75076e30b8b84ebf5e20060e44b32f1e') in 0.012291 seconds
  Import took 0.014661 seconds .

========================================================================
Received Import Request.
  Time since last request: 8.402634 seconds.
  path: Assets/Scenes/01.start.unity
  artifactKey: Guid(9fc0d4010bbf28b4594072e72b8655ab) Importer(815301076,1909f56bfc062723c751e8b465ee728b)
Start importing Assets/Scenes/01.start.unity using Guid(9fc0d4010bbf28b4594072e72b8655ab) Importer(815301076,1909f56bfc062723c751e8b465ee728b)  -> (artifact id: 'de9ecff35c9f7eaa06c18936e7b27fd8') in 0.006854 seconds
  Import took 0.008969 seconds .

========================================================================
Received Import Request.
  Time since last request: 8.077360 seconds.
  path: Assets/Scenes/01.Start.unity
  artifactKey: Guid(9fc0d4010bbf28b4594072e72b8655ab) Importer(815301076,1909f56bfc062723c751e8b465ee728b)
Start importing Assets/Scenes/01.Start.unity using Guid(9fc0d4010bbf28b4594072e72b8655ab) Importer(815301076,1909f56bfc062723c751e8b465ee728b)  -> (artifact id: 'd865ae121e374f2329a44e4c4fb3c2a7') in 0.005496 seconds
  Import took 0.008094 seconds .

========================================================================
Received Import Request.
  Time since last request: 0.000577 seconds.
  path: Assets/Scenes/01.Start.unity
  artifactKey: Guid(9fc0d4010bbf28b4594072e72b8655ab) Importer(815301076,1909f56bfc062723c751e8b465ee728b)
Start importing Assets/Scenes/01.Start.unity using Guid(9fc0d4010bbf28b4594072e72b8655ab) Importer(815301076,1909f56bfc062723c751e8b465ee728b)  -> (artifact id: 'd865ae121e374f2329a44e4c4fb3c2a7') in 0.002098 seconds
  Import took 0.004407 seconds .

========================================================================
Received Import Request.
  Time since last request: 7.440590 seconds.
  path: Assets/Scenes/01_Start.unity
  artifactKey: Guid(9fc0d4010bbf28b4594072e72b8655ab) Importer(815301076,1909f56bfc062723c751e8b465ee728b)
Start importing Assets/Scenes/01_Start.unity using Guid(9fc0d4010bbf28b4594072e72b8655ab) Importer(815301076,1909f56bfc062723c751e8b465ee728b)  -> (artifact id: 'd10bafa5210aafc66ab979b05111e839') in 0.005103 seconds
  Import took 0.008036 seconds .

========================================================================
Received Import Request.
  Time since last request: 0.001374 seconds.
  path: Assets/Scenes/01_Start.unity
  artifactKey: Guid(9fc0d4010bbf28b4594072e72b8655ab) Importer(815301076,1909f56bfc062723c751e8b465ee728b)
Start importing Assets/Scenes/01_Start.unity using Guid(9fc0d4010bbf28b4594072e72b8655ab) Importer(815301076,1909f56bfc062723c751e8b465ee728b)  -> (artifact id: 'd10bafa5210aafc66ab979b05111e839') in 0.001658 seconds
  Import took 0.003283 seconds .

========================================================================
Received Import Request.
  Time since last request: 111.578173 seconds.
  path: Assets/01_Scene
  artifactKey: Guid(5a23a86219f7c6e4eb4834d158019bb2) Importer(815301076,1909f56bfc062723c751e8b465ee728b)
Start importing Assets/01_Scene using Guid(5a23a86219f7c6e4eb4834d158019bb2) Importer(815301076,1909f56bfc062723c751e8b465ee728b)  -> (artifact id: '8fe3f9fc246d36b72e8f1f5952084562') in 0.006033 seconds
  Import took 0.009091 seconds .

========================================================================
Received Import Request.
  Time since last request: 0.862818 seconds.
  path: Assets
  artifactKey: Guid(00000000000000001000000000000000) Importer(815301076,1909f56bfc062723c751e8b465ee728b)
Start importing Assets using Guid(00000000000000001000000000000000) Importer(815301076,1909f56bfc062723c751e8b465ee728b)  -> (artifact id: '819a33a9bd799f71faca6db75e8a216c') in 0.005192 seconds
  Import took 0.007432 seconds .

========================================================================
Received Import Request.
  Time since last request: 6.170809 seconds.
  path: Assets/02_Script.cs
  artifactKey: Guid(2baa8e43271d33e41973aab946d0e27d) Importer(815301076,1909f56bfc062723c751e8b465ee728b)
Start importing Assets/02_Script.cs using Guid(2baa8e43271d33e41973aab946d0e27d) Importer(815301076,1909f56bfc062723c751e8b465ee728b)  -> (artifact id: '59b6d76fb6057afa93797cf2a9e24d06') in 0.170972 seconds
  Import took 0.192154 seconds .

========================================================================
Received Prepare
Registering precompiled user dll's ...
Registered in 0.000462 seconds.
Begin MonoManager ReloadAssembly
Native extension for WindowsStandalone target not found
Refreshing native plugins compatible for Editor in 0.23 ms, found 0 plugins.
Preloading 0 native plugins for Editor in 0.00 ms.
Invoked RoslynAnalysisRunner static constructor.
RoslynAnalysisRunner will not be running.
RoslynAnalysisRunner has terminated.
Mono: successfully reloaded assembly
- Completed reload, in  0.634 seconds
Platform modules already initialized, skipping
Refreshing native plugins compatible for Editor in 0.24 ms, found 0 plugins.
Preloading 0 native plugins for Editor in 0.00 ms.
Unloading 1110 Unused Serialized files (Serialized files now loaded: 0)
System memory in use before: 59.6 MB.
System memory in use after: 59.7 MB.

Unloading 5 unused Assets to reduce memory usage. Loaded Objects now: 1560.
Total: 1.696200 ms (FindLiveObjects: 0.143300 ms CreateObjectMapping: 0.025800 ms MarkObjects: 1.469200 ms  DeleteObjects: 0.056900 ms)

========================================================================
Received Import Request.
  Time since last request: 16.315713 seconds.
  path: Assets/02_Scripts
  artifactKey: Guid(179b581541fb682429029422e668d806) Importer(815301076,1909f56bfc062723c751e8b465ee728b)
Start importing Assets/02_Scripts using Guid(179b581541fb682429029422e668d806) Importer(815301076,1909f56bfc062723c751e8b465ee728b)  -> (artifact id: '437f5ee9fbe5851d4514ff346a2bd009') in 0.006480 seconds
  Import took 0.008757 seconds .

========================================================================
Received Import Request.
  Time since last request: 8.977681 seconds.
  path: Assets/03_Sprite
  artifactKey: Guid(0882118b84250d243942c8403577bf54) Importer(815301076,1909f56bfc062723c751e8b465ee728b)
Start importing Assets/03_Sprite using Guid(0882118b84250d243942c8403577bf54) Importer(815301076,1909f56bfc062723c751e8b465ee728b)  -> (artifact id: '3adf5722bbdcf01445fdb44b5b2cbf18') in 0.004662 seconds
  Import took 0.006521 seconds .

========================================================================
Received Import Request.
  Time since last request: 7.968985 seconds.
  path: Assets/02_Scripts/GameManager.cs
  artifactKey: Guid(eae025996ca22604fb7b2b342b4e1cf4) Importer(815301076,1909f56bfc062723c751e8b465ee728b)
Start importing Assets/02_Scripts/GameManager.cs using Guid(eae025996ca22604fb7b2b342b4e1cf4) Importer(815301076,1909f56bfc062723c751e8b465ee728b)  -> (artifact id: 'bf180c9920703c33f65dadade97997ef') in 0.005780 seconds
  Import took 0.007986 seconds .

========================================================================
Received Import Request.
  Time since last request: 0.055912 seconds.
  path: Assets/02_Scripts/GameManager.cs
  artifactKey: Guid(eae025996ca22604fb7b2b342b4e1cf4) Importer(815301076,1909f56bfc062723c751e8b465ee728b)
Start importing Assets/02_Scripts/GameManager.cs using Guid(eae025996ca22604fb7b2b342b4e1cf4) Importer(815301076,1909f56bfc062723c751e8b465ee728b)  -> (artifact id: 'bf180c9920703c33f65dadade97997ef') in 0.001758 seconds
  Import took 0.003857 seconds .

========================================================================
Received Prepare
Registering precompiled user dll's ...
Registered in 0.000525 seconds.
Begin MonoManager ReloadAssembly
Native extension for WindowsStandalone target not found
Refreshing native plugins compatible for Editor in 0.35 ms, found 0 plugins.
Preloading 0 native plugins for Editor in 0.00 ms.
Invoked RoslynAnalysisRunner static constructor.
RoslynAnalysisRunner will not be running.
RoslynAnalysisRunner has terminated.
Mono: successfully reloaded assembly
- Completed reload, in  0.635 seconds
Platform modules already initialized, skipping
Refreshing native plugins compatible for Editor in 0.34 ms, found 0 plugins.
Preloading 0 native plugins for Editor in 0.00 ms.
Unloading 1111 Unused Serialized files (Serialized files now loaded: 0)
System memory in use before: 59.7 MB.
System memory in use after: 59.8 MB.

Unloading 5 unused Assets to reduce memory usage. Loaded Objects now: 1564.
Total: 1.532600 ms (FindLiveObjects: 0.169500 ms CreateObjectMapping: 0.026800 ms MarkObjects: 1.279400 ms  DeleteObjects: 0.055400 ms)

========================================================================
Received Import Request.
  Time since last request: 342.235940 seconds.
  path: Assets/01_Scene/02_Main.unity
  artifactKey: Guid(b302b572d0523494da536e0468b34461) Importer(815301076,1909f56bfc062723c751e8b465ee728b)
Start importing Assets/01_Scene/02_Main.unity using Guid(b302b572d0523494da536e0468b34461) Importer(815301076,1909f56bfc062723c751e8b465ee728b)  -> (artifact id: '04d42e6131e4ca81f638cf717b35fa0f') in 0.013124 seconds
  Import took 0.035825 seconds .

========================================================================
Received Import Request.
  Time since last request: 1414.003683 seconds.
  path: Assets/04_Material
  artifactKey: Guid(1975d1f378b105b43b44692349d49f94) Importer(815301076,1909f56bfc062723c751e8b465ee728b)
Start importing Assets/04_Material using Guid(1975d1f378b105b43b44692349d49f94) Importer(815301076,1909f56bfc062723c751e8b465ee728b)  -> (artifact id: 'c24f74241bff04f465a25f9ebb95b799') in 0.005941 seconds
  Import took 0.008716 seconds .

========================================================================
Received Import Request.
  Time since last request: 189.743835 seconds.
  path: Assets/New Terrain.asset
  artifactKey: Guid(9abd9935026b0c04a9cbdc6e5b6fc2e9) Importer(815301076,1909f56bfc062723c751e8b465ee728b)
Start importing Assets/New Terrain.asset using Guid(9abd9935026b0c04a9cbdc6e5b6fc2e9) Importer(815301076,1909f56bfc062723c751e8b465ee728b)  -> (artifact id: '7de31a343cf30df94991cd2bf23dcb94') in 0.018698 seconds
  Import took 0.021498 seconds .

========================================================================
Received Import Request.
  Time since last request: 22.753467 seconds.
  path: Assets/04_Material/Ground.mat
  artifactKey: Guid(4796682e1e1255c479fce1a7e177f854) Importer(815301076,1909f56bfc062723c751e8b465ee728b)
Start importing Assets/04_Material/Ground.mat using Guid(4796682e1e1255c479fce1a7e177f854) Importer(815301076,1909f56bfc062723c751e8b465ee728b)  -> (artifact id: 'cbf1b5ecc22b8b20c54a36f484b3e187') in 0.151477 seconds
  Import took 0.153624 seconds .

========================================================================
Received Import Request.
  Time since last request: 25.213048 seconds.
  path: Assets/04_Material/Ground.mat
  artifactKey: Guid(4796682e1e1255c479fce1a7e177f854) Importer(815301076,1909f56bfc062723c751e8b465ee728b)
Start importing Assets/04_Material/Ground.mat using Guid(4796682e1e1255c479fce1a7e177f854) Importer(815301076,1909f56bfc062723c751e8b465ee728b)  -> (artifact id: 'f84f1b2c31c9105f83927c4a14c1e342') in 0.012777 seconds
  Import took 0.026868 seconds .

========================================================================
Received Import Request.
  Time since last request: 23.661971 seconds.
  path: Assets/02_Scripts/CameraController.cs
  artifactKey: Guid(23d5552d93d382947a01f1f67c9948fe) Importer(815301076,1909f56bfc062723c751e8b465ee728b)
Start importing Assets/02_Scripts/CameraController.cs using Guid(23d5552d93d382947a01f1f67c9948fe) Importer(815301076,1909f56bfc062723c751e8b465ee728b)  -> (artifact id: '8aca13258b4500512a7cd0a510521205') in 0.005826 seconds
  Import took 0.181484 seconds .

========================================================================
Received Prepare
Registering precompiled user dll's ...
Registered in 0.000694 seconds.
Begin MonoManager ReloadAssembly
Native extension for WindowsStandalone target not found
Refreshing native plugins compatible for Editor in 0.24 ms, found 0 plugins.
Preloading 0 native plugins for Editor in 0.00 ms.
Invoked RoslynAnalysisRunner static constructor.
RoslynAnalysisRunner will not be running.
RoslynAnalysisRunner has terminated.
Mono: successfully reloaded assembly
- Completed reload, in  0.688 seconds
Platform modules already initialized, skipping
Refreshing native plugins compatible for Editor in 0.23 ms, found 0 plugins.
Preloading 0 native plugins for Editor in 0.00 ms.
Unloading 1112 Unused Serialized files (Serialized files now loaded: 0)
System memory in use before: 63.9 MB.
System memory in use after: 63.5 MB.

Unloading 7 unused Assets to reduce memory usage. Loaded Objects now: 1609.
Total: 1.910000 ms (FindLiveObjects: 0.158400 ms CreateObjectMapping: 0.027400 ms MarkObjects: 1.326300 ms  DeleteObjects: 0.396900 ms)

========================================================================
Received Prepare
Registering precompiled user dll's ...
Registered in 0.000667 seconds.
Begin MonoManager ReloadAssembly
Native extension for WindowsStandalone target not found
Refreshing native plugins compatible for Editor in 0.28 ms, found 0 plugins.
Preloading 0 native plugins for Editor in 0.00 ms.
Invoked RoslynAnalysisRunner static constructor.
RoslynAnalysisRunner will not be running.
RoslynAnalysisRunner has terminated.
Mono: successfully reloaded assembly
- Completed reload, in  0.644 seconds
Platform modules already initialized, skipping
Refreshing native plugins compatible for Editor in 0.23 ms, found 0 plugins.
Preloading 0 native plugins for Editor in 0.00 ms.
Unloading 1112 Unused Serialized files (Serialized files now loaded: 0)
System memory in use before: 63.4 MB.
System memory in use after: 63.5 MB.

Unloading 5 unused Assets to reduce memory usage. Loaded Objects now: 1612.
Total: 1.783200 ms (FindLiveObjects: 0.157700 ms CreateObjectMapping: 0.025800 ms MarkObjects: 1.533000 ms  DeleteObjects: 0.065400 ms)

========================================================================
Received Import Request.
  Time since last request: 619.318925 seconds.
  path: Assets/02_Scripts/CameraController.cs
  artifactKey: Guid(23d5552d93d382947a01f1f67c9948fe) Importer(815301076,1909f56bfc062723c751e8b465ee728b)
Start importing Assets/02_Scripts/CameraController.cs using Guid(23d5552d93d382947a01f1f67c9948fe) Importer(815301076,1909f56bfc062723c751e8b465ee728b)  -> (artifact id: 'f56c6abbe5d11103f6ac0ede498032ea') in 0.003705 seconds
  Import took 0.006052 seconds .

========================================================================
Received Import Request.
  Time since last request: 0.210385 seconds.
  path: Assets/02_Scripts/CameraController.cs
  artifactKey: Guid(23d5552d93d382947a01f1f67c9948fe) Importer(815301076,1909f56bfc062723c751e8b465ee728b)
Start importing Assets/02_Scripts/CameraController.cs using Guid(23d5552d93d382947a01f1f67c9948fe) Importer(815301076,1909f56bfc062723c751e8b465ee728b)  -> (artifact id: 'f56c6abbe5d11103f6ac0ede498032ea') in 0.001913 seconds
  Import took 0.003911 seconds .

========================================================================
Received Prepare
Registering precompiled user dll's ...
Registered in 0.000673 seconds.
Begin MonoManager ReloadAssembly
Native extension for WindowsStandalone target not found
Refreshing native plugins compatible for Editor in 0.24 ms, found 0 plugins.
Preloading 0 native plugins for Editor in 0.00 ms.
Invoked RoslynAnalysisRunner static constructor.
RoslynAnalysisRunner will not be running.
RoslynAnalysisRunner has terminated.
Mono: successfully reloaded assembly
- Completed reload, in  0.709 seconds
Platform modules already initialized, skipping
Refreshing native plugins compatible for Editor in 0.38 ms, found 0 plugins.
Preloading 0 native plugins for Editor in 0.00 ms.
Unloading 1112 Unused Serialized files (Serialized files now loaded: 0)
System memory in use before: 63.4 MB.
System memory in use after: 63.5 MB.

Unloading 5 unused Assets to reduce memory usage. Loaded Objects now: 1615.
Total: 2.112900 ms (FindLiveObjects: 0.205400 ms CreateObjectMapping: 0.025000 ms MarkObjects: 1.821000 ms  DeleteObjects: 0.060000 ms)

========================================================================
Received Prepare
Registering precompiled user dll's ...
Registered in 0.000769 seconds.
Begin MonoManager ReloadAssembly
Native extension for WindowsStandalone target not found
Refreshing native plugins compatible for Editor in 0.24 ms, found 0 plugins.
Preloading 0 native plugins for Editor in 0.00 ms.
Invoked RoslynAnalysisRunner static constructor.
RoslynAnalysisRunner will not be running.
RoslynAnalysisRunner has terminated.
Mono: successfully reloaded assembly
- Completed reload, in  0.720 seconds
Platform modules already initialized, skipping
Refreshing native plugins compatible for Editor in 0.37 ms, found 0 plugins.
Preloading 0 native plugins for Editor in 0.00 ms.
Unloading 1112 Unused Serialized files (Serialized files now loaded: 0)
System memory in use before: 63.4 MB.
System memory in use after: 63.5 MB.

Unloading 5 unused Assets to reduce memory usage. Loaded Objects now: 1618.
Total: 1.521400 ms (FindLiveObjects: 0.192800 ms CreateObjectMapping: 0.026000 ms MarkObjects: 1.248500 ms  DeleteObjects: 0.053300 ms)

========================================================================
Received Prepare
Registering precompiled user dll's ...
Registered in 0.000645 seconds.
Begin MonoManager ReloadAssembly
Native extension for WindowsStandalone target not found
Refreshing native plugins compatible for Editor in 0.22 ms, found 0 plugins.
Preloading 0 native plugins for Editor in 0.00 ms.
Invoked RoslynAnalysisRunner static constructor.
RoslynAnalysisRunner will not be running.
RoslynAnalysisRunner has terminated.
Mono: successfully reloaded assembly
- Completed reload, in  0.633 seconds
Platform modules already initialized, skipping
Refreshing native plugins compatible for Editor in 0.25 ms, found 0 plugins.
Preloading 0 native plugins for Editor in 0.00 ms.
Unloading 1112 Unused Serialized files (Serialized files now loaded: 0)
System memory in use before: 63.4 MB.
System memory in use after: 63.5 MB.

Unloading 5 unused Assets to reduce memory usage. Loaded Objects now: 1621.
Total: 1.985500 ms (FindLiveObjects: 0.157900 ms CreateObjectMapping: 0.026300 ms MarkObjects: 1.740400 ms  DeleteObjects: 0.059700 ms)

========================================================================
Received Prepare
Registering precompiled user dll's ...
Registered in 0.000648 seconds.
Begin MonoManager ReloadAssembly
Native extension for WindowsStandalone target not found
Refreshing native plugins compatible for Editor in 0.24 ms, found 0 plugins.
Preloading 0 native plugins for Editor in 0.00 ms.
Invoked RoslynAnalysisRunner static constructor.
RoslynAnalysisRunner will not be running.
RoslynAnalysisRunner has terminated.
Mono: successfully reloaded assembly
- Completed reload, in  0.634 seconds
Platform modules already initialized, skipping
Refreshing native plugins compatible for Editor in 0.24 ms, found 0 plugins.
Preloading 0 native plugins for Editor in 0.00 ms.
Unloading 1112 Unused Serialized files (Serialized files now loaded: 0)
System memory in use before: 63.4 MB.
System memory in use after: 63.5 MB.

Unloading 5 unused Assets to reduce memory usage. Loaded Objects now: 1624.
Total: 1.575000 ms (FindLiveObjects: 0.233700 ms CreateObjectMapping: 0.037800 ms MarkObjects: 1.249400 ms  DeleteObjects: 0.053300 ms)

========================================================================
Received Prepare
Registering precompiled user dll's ...
Registered in 0.000639 seconds.
Begin MonoManager ReloadAssembly
Native extension for WindowsStandalone target not found
Refreshing native plugins compatible for Editor in 0.25 ms, found 0 plugins.
Preloading 0 native plugins for Editor in 0.00 ms.
Invoked RoslynAnalysisRunner static constructor.
RoslynAnalysisRunner will not be running.
RoslynAnalysisRunner has terminated.
Mono: successfully reloaded assembly
- Completed reload, in  0.637 seconds
Platform modules already initialized, skipping
Refreshing native plugins compatible for Editor in 0.24 ms, found 0 plugins.
Preloading 0 native plugins for Editor in 0.00 ms.
Unloading 1112 Unused Serialized files (Serialized files now loaded: 0)
System memory in use before: 63.4 MB.
System memory in use after: 63.5 MB.

Unloading 5 unused Assets to reduce memory usage. Loaded Objects now: 1627.
Total: 1.699400 ms (FindLiveObjects: 0.209900 ms CreateObjectMapping: 0.025600 ms MarkObjects: 1.396600 ms  DeleteObjects: 0.066200 ms)

========================================================================
Received Import Request.
  Time since last request: 427.464797 seconds.
  path: Assets/04_Material/Black.mat
  artifactKey: Guid(00567a89c4571074aadf75aa2105a6bd) Importer(815301076,1909f56bfc062723c751e8b465ee728b)
Start importing Assets/04_Material/Black.mat using Guid(00567a89c4571074aadf75aa2105a6bd) Importer(815301076,1909f56bfc062723c751e8b465ee728b)  -> (artifact id: 'f0bcaf68829dacb26a80b1d7c2b9948a') in 0.059486 seconds
  Import took 0.061939 seconds .

========================================================================
Received Import Request.
  Time since last request: 50.450837 seconds.
  path: Assets/02_Scripts/PlayerMove.cs
  artifactKey: Guid(57bb96e6938a33146927a2a8fb56117f) Importer(815301076,1909f56bfc062723c751e8b465ee728b)
Start importing Assets/02_Scripts/PlayerMove.cs using Guid(57bb96e6938a33146927a2a8fb56117f) Importer(815301076,1909f56bfc062723c751e8b465ee728b)  -> (artifact id: 'd5c27ba42242eabd74e64f644eb79e57') in 0.005925 seconds
  Import took 0.008925 seconds .

========================================================================
Received Prepare
Registering precompiled user dll's ...
Registered in 0.000797 seconds.
Begin MonoManager ReloadAssembly
Native extension for WindowsStandalone target not found
Refreshing native plugins compatible for Editor in 0.27 ms, found 0 plugins.
Preloading 0 native plugins for Editor in 0.00 ms.
Invoked RoslynAnalysisRunner static constructor.
RoslynAnalysisRunner will not be running.
RoslynAnalysisRunner has terminated.
Mono: successfully reloaded assembly
- Completed reload, in  0.672 seconds
Platform modules already initialized, skipping
Refreshing native plugins compatible for Editor in 0.25 ms, found 0 plugins.
Preloading 0 native plugins for Editor in 0.00 ms.
Unloading 1113 Unused Serialized files (Serialized files now loaded: 0)
System memory in use before: 63.5 MB.
System memory in use after: 63.5 MB.

Unloading 5 unused Assets to reduce memory usage. Loaded Objects now: 1632.
Total: 1.448800 ms (FindLiveObjects: 0.136300 ms CreateObjectMapping: 0.026800 ms MarkObjects: 1.234400 ms  DeleteObjects: 0.050600 ms)

========================================================================
Received Prepare
Registering precompiled user dll's ...
Registered in 0.000744 seconds.
Begin MonoManager ReloadAssembly
Native extension for WindowsStandalone target not found
Refreshing native plugins compatible for Editor in 0.23 ms, found 0 plugins.
Preloading 0 native plugins for Editor in 0.00 ms.
Invoked RoslynAnalysisRunner static constructor.
RoslynAnalysisRunner will not be running.
RoslynAnalysisRunner has terminated.
Mono: successfully reloaded assembly
- Completed reload, in  0.627 seconds
Platform modules already initialized, skipping
Refreshing native plugins compatible for Editor in 0.22 ms, found 0 plugins.
Preloading 0 native plugins for Editor in 0.00 ms.
Unloading 1113 Unused Serialized files (Serialized files now loaded: 0)
System memory in use before: 63.5 MB.
System memory in use after: 63.5 MB.

Unloading 5 unused Assets to reduce memory usage. Loaded Objects now: 1635.
Total: 1.525300 ms (FindLiveObjects: 0.169000 ms CreateObjectMapping: 0.026800 ms MarkObjects: 1.275100 ms  DeleteObjects: 0.053600 ms)

========================================================================
Received Prepare
Registering precompiled user dll's ...
Registered in 0.000682 seconds.
Begin MonoManager ReloadAssembly
Native extension for WindowsStandalone target not found
Refreshing native plugins compatible for Editor in 0.26 ms, found 0 plugins.
Preloading 0 native plugins for Editor in 0.00 ms.
Invoked RoslynAnalysisRunner static constructor.
RoslynAnalysisRunner will not be running.
RoslynAnalysisRunner has terminated.
Mono: successfully reloaded assembly
- Completed reload, in  0.614 seconds
Platform modules already initialized, skipping
Refreshing native plugins compatible for Editor in 0.27 ms, found 0 plugins.
Preloading 0 native plugins for Editor in 0.00 ms.
Unloading 1113 Unused Serialized files (Serialized files now loaded: 0)
System memory in use before: 63.5 MB.
System memory in use after: 63.5 MB.

Unloading 5 unused Assets to reduce memory usage. Loaded Objects now: 1638.
Total: 1.506500 ms (FindLiveObjects: 0.145800 ms CreateObjectMapping: 0.026600 ms MarkObjects: 1.280200 ms  DeleteObjects: 0.053000 ms)

========================================================================
Received Prepare
Registering precompiled user dll's ...
Registered in 0.000705 seconds.
Begin MonoManager ReloadAssembly
Native extension for WindowsStandalone target not found
Refreshing native plugins compatible for Editor in 0.32 ms, found 0 plugins.
Preloading 0 native plugins for Editor in 0.00 ms.
Invoked RoslynAnalysisRunner static constructor.
RoslynAnalysisRunner will not be running.
RoslynAnalysisRunner has terminated.
Mono: successfully reloaded assembly
- Completed reload, in  0.623 seconds
Platform modules already initialized, skipping
Refreshing native plugins compatible for Editor in 0.22 ms, found 0 plugins.
Preloading 0 native plugins for Editor in 0.00 ms.
Unloading 1113 Unused Serialized files (Serialized files now loaded: 0)
System memory in use before: 63.5 MB.
System memory in use after: 63.6 MB.

Unloading 5 unused Assets to reduce memory usage. Loaded Objects now: 1641.
Total: 1.848700 ms (FindLiveObjects: 0.207900 ms CreateObjectMapping: 0.024900 ms MarkObjects: 1.561100 ms  DeleteObjects: 0.053500 ms)

========================================================================
Received Prepare
Registering precompiled user dll's ...
Registered in 0.000733 seconds.
Begin MonoManager ReloadAssembly
Native extension for WindowsStandalone target not found
Refreshing native plugins compatible for Editor in 0.25 ms, found 0 plugins.
Preloading 0 native plugins for Editor in 0.00 ms.
Invoked RoslynAnalysisRunner static constructor.
RoslynAnalysisRunner will not be running.
RoslynAnalysisRunner has terminated.
Mono: successfully reloaded assembly
- Completed reload, in  0.624 seconds
Platform modules already initialized, skipping
Refreshing native plugins compatible for Editor in 0.23 ms, found 0 plugins.
Preloading 0 native plugins for Editor in 0.00 ms.
Unloading 1113 Unused Serialized files (Serialized files now loaded: 0)
System memory in use before: 63.5 MB.
System memory in use after: 63.6 MB.

Unloading 5 unused Assets to reduce memory usage. Loaded Objects now: 1644.
Total: 1.494200 ms (FindLiveObjects: 0.146200 ms CreateObjectMapping: 0.027400 ms MarkObjects: 1.268600 ms  DeleteObjects: 0.051200 ms)

========================================================================
Received Prepare
Registering precompiled user dll's ...
Registered in 0.000826 seconds.
Begin MonoManager ReloadAssembly
Native extension for WindowsStandalone target not found
Refreshing native plugins compatible for Editor in 0.23 ms, found 0 plugins.
Preloading 0 native plugins for Editor in 0.00 ms.
Invoked RoslynAnalysisRunner static constructor.
RoslynAnalysisRunner will not be running.
RoslynAnalysisRunner has terminated.
Mono: successfully reloaded assembly
- Completed reload, in  0.625 seconds
Platform modules already initialized, skipping
Refreshing native plugins compatible for Editor in 0.22 ms, found 0 plugins.
Preloading 0 native plugins for Editor in 0.00 ms.
Unloading 1113 Unused Serialized files (Serialized files now loaded: 0)
System memory in use before: 63.5 MB.
System memory in use after: 63.6 MB.

Unloading 5 unused Assets to reduce memory usage. Loaded Objects now: 1647.
Total: 1.491500 ms (FindLiveObjects: 0.168000 ms CreateObjectMapping: 0.026100 ms MarkObjects: 1.240500 ms  DeleteObjects: 0.055700 ms)

========================================================================
Received Prepare
Registering precompiled user dll's ...
Registered in 0.000616 seconds.
Begin MonoManager ReloadAssembly
Native extension for WindowsStandalone target not found
Refreshing native plugins compatible for Editor in 0.22 ms, found 0 plugins.
Preloading 0 native plugins for Editor in 0.00 ms.
Invoked RoslynAnalysisRunner static constructor.
RoslynAnalysisRunner will not be running.
RoslynAnalysisRunner has terminated.
Mono: successfully reloaded assembly
- Completed reload, in  0.625 seconds
Platform modules already initialized, skipping
Refreshing native plugins compatible for Editor in 0.24 ms, found 0 plugins.
Preloading 0 native plugins for Editor in 0.00 ms.
Unloading 1113 Unused Serialized files (Serialized files now loaded: 0)
System memory in use before: 63.5 MB.
System memory in use after: 63.6 MB.

Unloading 5 unused Assets to reduce memory usage. Loaded Objects now: 1650.
Total: 1.592800 ms (FindLiveObjects: 0.170000 ms CreateObjectMapping: 0.025700 ms MarkObjects: 1.338200 ms  DeleteObjects: 0.058000 ms)

========================================================================
Received Prepare
Registering precompiled user dll's ...
Registered in 0.000665 seconds.
Begin MonoManager ReloadAssembly
Native extension for WindowsStandalone target not found
Refreshing native plugins compatible for Editor in 0.23 ms, found 0 plugins.
Preloading 0 native plugins for Editor in 0.00 ms.
Invoked RoslynAnalysisRunner static constructor.
RoslynAnalysisRunner will not be running.
RoslynAnalysisRunner has terminated.
Mono: successfully reloaded assembly
- Completed reload, in  0.619 seconds
Platform modules already initialized, skipping
Refreshing native plugins compatible for Editor in 0.24 ms, found 0 plugins.
Preloading 0 native plugins for Editor in 0.00 ms.
Unloading 1113 Unused Serialized files (Serialized files now loaded: 0)
System memory in use before: 63.5 MB.
System memory in use after: 63.6 MB.

Unloading 5 unused Assets to reduce memory usage. Loaded Objects now: 1653.
Total: 1.743000 ms (FindLiveObjects: 0.229300 ms CreateObjectMapping: 0.037300 ms MarkObjects: 1.414900 ms  DeleteObjects: 0.060200 ms)

========================================================================
Received Prepare
Registering precompiled user dll's ...
Registered in 0.000699 seconds.
Begin MonoManager ReloadAssembly
Native extension for WindowsStandalone target not found
Refreshing native plugins compatible for Editor in 0.23 ms, found 0 plugins.
Preloading 0 native plugins for Editor in 0.00 ms.
Invoked RoslynAnalysisRunner static constructor.
RoslynAnalysisRunner will not be running.
RoslynAnalysisRunner has terminated.
Mono: successfully reloaded assembly
- Completed reload, in  0.648 seconds
Platform modules already initialized, skipping
Refreshing native plugins compatible for Editor in 0.24 ms, found 0 plugins.
Preloading 0 native plugins for Editor in 0.00 ms.
Unloading 1113 Unused Serialized files (Serialized files now loaded: 0)
System memory in use before: 63.5 MB.
System memory in use after: 63.6 MB.

Unloading 5 unused Assets to reduce memory usage. Loaded Objects now: 1656.
Total: 1.607900 ms (FindLiveObjects: 0.158700 ms CreateObjectMapping: 0.026400 ms MarkObjects: 1.368000 ms  DeleteObjects: 0.054000 ms)

========================================================================
Received Prepare
Registering precompiled user dll's ...
Registered in 0.000715 seconds.
Begin MonoManager ReloadAssembly
Native extension for WindowsStandalone target not found
Refreshing native plugins compatible for Editor in 0.23 ms, found 0 plugins.
Preloading 0 native plugins for Editor in 0.00 ms.
Invoked RoslynAnalysisRunner static constructor.
RoslynAnalysisRunner will not be running.
RoslynAnalysisRunner has terminated.
Mono: successfully reloaded assembly
- Completed reload, in  0.619 seconds
Platform modules already initialized, skipping
Refreshing native plugins compatible for Editor in 0.22 ms, found 0 plugins.
Preloading 0 native plugins for Editor in 0.00 ms.
Unloading 1113 Unused Serialized files (Serialized files now loaded: 0)
System memory in use before: 63.5 MB.
System memory in use after: 63.6 MB.

Unloading 5 unused Assets to reduce memory usage. Loaded Objects now: 1659.
Total: 1.662100 ms (FindLiveObjects: 0.184800 ms CreateObjectMapping: 0.024400 ms MarkObjects: 1.393500 ms  DeleteObjects: 0.058100 ms)

========================================================================
Received Prepare
Registering precompiled user dll's ...
Registered in 0.000682 seconds.
Begin MonoManager ReloadAssembly
Native extension for WindowsStandalone target not found
Refreshing native plugins compatible for Editor in 0.23 ms, found 0 plugins.
Preloading 0 native plugins for Editor in 0.00 ms.
Invoked RoslynAnalysisRunner static constructor.
RoslynAnalysisRunner will not be running.
RoslynAnalysisRunner has terminated.
Mono: successfully reloaded assembly
- Completed reload, in  0.639 seconds
Platform modules already initialized, skipping
Refreshing native plugins compatible for Editor in 0.24 ms, found 0 plugins.
Preloading 0 native plugins for Editor in 0.00 ms.
Unloading 1113 Unused Serialized files (Serialized files now loaded: 0)
System memory in use before: 63.5 MB.
System memory in use after: 63.6 MB.

Unloading 5 unused Assets to reduce memory usage. Loaded Objects now: 1662.
Total: 1.521500 ms (FindLiveObjects: 0.157600 ms CreateObjectMapping: 0.026500 ms MarkObjects: 1.283400 ms  DeleteObjects: 0.053100 ms)

========================================================================
Received Prepare
Registering precompiled user dll's ...
Registered in 0.000598 seconds.
Begin MonoManager ReloadAssembly
Native extension for WindowsStandalone target not found
Refreshing native plugins compatible for Editor in 0.24 ms, found 0 plugins.
Preloading 0 native plugins for Editor in 0.00 ms.
Invoked RoslynAnalysisRunner static constructor.
RoslynAnalysisRunner will not be running.
RoslynAnalysisRunner has terminated.
Mono: successfully reloaded assembly
- Completed reload, in  0.625 seconds
Platform modules already initialized, skipping
Refreshing native plugins compatible for Editor in 0.23 ms, found 0 plugins.
Preloading 0 native plugins for Editor in 0.00 ms.
Unloading 1113 Unused Serialized files (Serialized files now loaded: 0)
System memory in use before: 63.5 MB.
System memory in use after: 63.6 MB.

Unloading 5 unused Assets to reduce memory usage. Loaded Objects now: 1665.
Total: 2.182600 ms (FindLiveObjects: 0.181200 ms CreateObjectMapping: 0.028100 ms MarkObjects: 1.910400 ms  DeleteObjects: 0.061100 ms)

AssetImportWorkerClient::OnTransportError - code=2 error=End of file
